<?xml version="1.0" encoding="UTF-8"?>
<testng-results skipped="0" failed="0" total="1" passed="1">
  <reporter-output>
  </reporter-output>
  <suite name="Default suite" duration-ms="23826" started-at="2021-07-14T09:50:08Z" finished-at="2021-07-14T09:50:32Z">
    <groups>
    </groups>
    <test name="Default test" duration-ms="23826" started-at="2021-07-14T09:50:08Z" finished-at="2021-07-14T09:50:32Z">
      <class name="Demo.Flipkart.HomePageTest">
        <test-method status="PASS" signature="openBrowser()[pri:0, instance:Demo.Flipkart.HomePageTest@4501b7af]" name="openBrowser" is-config="true" duration-ms="9411" started-at="2021-07-14T15:20:08Z" finished-at="2021-07-14T15:20:18Z">
          <reporter-output>
          </reporter-output>
        </test-method> <!-- openBrowser -->
        <test-method status="PASS" signature="validate()[pri:0, instance:Demo.Flipkart.HomePageTest@4501b7af]" name="validate" duration-ms="13374" started-at="2021-07-14T15:20:18Z" finished-at="2021-07-14T15:20:31Z">
          <reporter-output>
          </reporter-output>
        </test-method> <!-- validate -->
        <test-method status="PASS" signature="quiteBrowser()[pri:0, instance:Demo.Flipkart.HomePageTest@4501b7af]" name="quiteBrowser" is-config="true" duration-ms="1012" started-at="2021-07-14T15:20:31Z" finished-at="2021-07-14T15:20:32Z">
          <reporter-output>
          </reporter-output>
        </test-method> <!-- quiteBrowser -->
      </class> <!-- Demo.Flipkart.HomePageTest -->
    </test> <!-- Default test -->
  </suite> <!-- Default suite -->
</testng-results>
